["2024-05-15T16:12:11.448", "DEBUG", "ubuntupro.config", "parse_config", 625, "Using client configuration file at /etc/ubuntu-advantage/uaclient.conf", {}]
["2024-05-15T16:12:11.454", "DEBUG", "ubuntupro.system", "load_file", 517, "Reading file: /etc/ubuntu-advantage/uaclient.conf", {}]
["2024-05-15T16:12:11.456", "DEBUG", "ubuntupro.files.files", "read", 60, "Tried to load /var/lib/ubuntu-advantage/user-config.json but file does not exist", {}]
["2024-05-15T16:12:11.466", "DEBUG", "ubuntupro.http", "configure_web_proxy", 146, "Setting no_proxy: 169.254.169.254,[fd00:ec2::254],metadata", {}]
["2024-05-15T16:12:11.466", "DEBUG", "ubuntupro.http", "configure_web_proxy", 154, "Setting global proxy dict", {}]
["2024-05-15T16:12:11.466", "DEBUG", "ubuntupro.cli", "main", 1825, "Executed with sys.argv: ['/bin/ua', 'api', 'u.pro.attach.magic.initiate.v1']", {}]
["2024-05-15T16:12:11.466", "DEBUG", "ubuntupro.http", "readurl", 349, "URL [POST]: https://contracts.canonical.com/v1/magic-attach, headers: {'accept': 'application/json', 'content-type': 'application/json', 'user-agent': 'UA-Client/31.2.3'}, data: None", {}]
["2024-05-15T16:12:11.467", "DEBUG", "ubuntupro.http", "should_use_pycurl", 208, "Should use pycurl: False", {}]
["2024-05-15T16:12:11.863", "DEBUG", "ubuntupro.http", "readurl", 389, "URL [POST] response: https://contracts.canonical.com/v1/magic-attach, headers: {'accept-ranges': 'bytes', 'cache-control': 'no-store, max-age=0', 'connection': 'close', 'content-length': '115', 'content-type': 'application/json', 'date': 'Wed, 15 May 2024 13:12:11 GMT', 'server': 'nginx/1.18.0 (Ubuntu)', 'strict-transport-security': 'max-age=15724800; includeSubDomains', 'x-cache-status': 'from content-cache-il3/0', 'x-trace-id': '4d3b52d7-ed14-48e3-87b7-0eccb66a9e93'}, data: {'expires': datetime.datetime(2024, 5, 15, 13, 22, 11, tzinfo=datetime.timezone.utc), 'expiresIn': 600, 'token': '<REDACTED>', 'userCode': '<REDACTED>'}", {}]
["2024-05-15T16:12:12.479", "DEBUG", "ubuntupro.config", "parse_config", 625, "Using client configuration file at /etc/ubuntu-advantage/uaclient.conf", {}]
["2024-05-15T16:12:12.481", "DEBUG", "ubuntupro.system", "load_file", 517, "Reading file: /etc/ubuntu-advantage/uaclient.conf", {}]
["2024-05-15T16:12:12.482", "DEBUG", "ubuntupro.files.files", "read", 60, "Tried to load /var/lib/ubuntu-advantage/user-config.json but file does not exist", {}]
["2024-05-15T16:12:12.490", "DEBUG", "ubuntupro.http", "configure_web_proxy", 146, "Setting no_proxy: 169.254.169.254,[fd00:ec2::254],metadata", {}]
["2024-05-15T16:12:12.490", "DEBUG", "ubuntupro.http", "configure_web_proxy", 154, "Setting global proxy dict", {}]
["2024-05-15T16:12:12.490", "DEBUG", "ubuntupro.cli", "main", 1825, "Executed with sys.argv: ['/bin/ua', 'api', 'u.pro.attach.magic.wait.v1', '--args', 'magic_token=<REDACTED>']", {}]
["2024-05-15T16:12:12.491", "DEBUG", "ubuntupro.http", "readurl", 349, "URL [GET]: https://contracts.canonical.com/v1/magic-attach, headers: {'Authorization': 'Bearer <REDACTED>', 'accept': 'application/json', 'content-type': 'application/json', 'user-agent': 'UA-Client/31.2.3'}, data: None", {}]
["2024-05-15T16:12:12.491", "DEBUG", "ubuntupro.http", "should_use_pycurl", 208, "Should use pycurl: False", {}]
["2024-05-15T16:12:12.797", "DEBUG", "ubuntupro.http", "readurl", 389, "URL [GET] response: https://contracts.canonical.com/v1/magic-attach, headers: {'accept-ranges': 'bytes', 'cache-control': 'no-store, max-age=0', 'connection': 'close', 'content-length': '115', 'content-type': 'application/json', 'date': 'Wed, 15 May 2024 13:12:12 GMT', 'server': 'nginx/1.18.0 (Ubuntu)', 'strict-transport-security': 'max-age=15724800; includeSubDomains', 'x-cache-status': 'MISS from content-cache-il3/0', 'x-trace-id': 'f95f4c38-7617-4575-82dd-d591f56f2836'}, data: {'expires': datetime.datetime(2024, 5, 15, 13, 22, 11, tzinfo=datetime.timezone.utc), 'expiresIn': 599, 'token': '<REDACTED>', 'userCode': '<REDACTED>'}", {}]
["2024-05-15T16:12:22.798", "DEBUG", "ubuntupro.http", "readurl", 349, "URL [GET]: https://contracts.canonical.com/v1/magic-attach, headers: {'Authorization': 'Bearer <REDACTED>', 'accept': 'application/json', 'content-type': 'application/json', 'user-agent': 'UA-Client/31.2.3'}, data: None", {}]
["2024-05-15T16:12:22.799", "DEBUG", "ubuntupro.http", "should_use_pycurl", 208, "Should use pycurl: False", {}]
["2024-05-15T16:12:23.128", "DEBUG", "ubuntupro.http", "readurl", 389, "URL [GET] response: https://contracts.canonical.com/v1/magic-attach, headers: {'accept-ranges': 'bytes', 'cache-control': 'no-store, max-age=0', 'connection': 'close', 'content-length': '115', 'content-type': 'application/json', 'date': 'Wed, 15 May 2024 13:12:23 GMT', 'server': 'nginx/1.18.0 (Ubuntu)', 'strict-transport-security': 'max-age=15724800; includeSubDomains', 'x-cache-status': 'MISS from content-cache-il3/0', 'x-trace-id': 'bda19bab-3362-4b3d-87bf-e90ff03d4112'}, data: {'expires': datetime.datetime(2024, 5, 15, 13, 22, 11, tzinfo=datetime.timezone.utc), 'expiresIn': 589, 'token': '<REDACTED>', 'userCode': '<REDACTED>'}", {}]
